# JRE version: Java(TM) SE Runtime Environment (8.0_221-b11) (build 1.8.0_221-b11)
# Java VM: Java HotSpot(TM) 64-Bit Server VM (25.221-b11 mixed mode windows-amd64 compressed oops)
Heap:
 PSYoungGen      total 16896K, used 10661K [0x00000000ed700000, 0x00000000ee980000, 0x0000000100000000)
  eden space 14848K, 58% used [0x00000000ed700000,0x00000000edf6ee88,0x00000000ee580000)
  from space 2048K, 98% used [0x00000000ee780000,0x00000000ee97a870,0x00000000ee980000)
  to   space 2048K, 0% used [0x00000000ee580000,0x00000000ee580000,0x00000000ee780000)
 ParOldGen       total 38400K, used 6052K [0x00000000c8400000, 0x00000000ca980000, 0x00000000ed700000)
  object space 38400K, 15% used [0x00000000c8400000,0x00000000c89e9208,0x00000000ca980000)
 Metaspace       used 18886K, capacity 19214K, committed 19584K, reserved 1067008K
  class space    used 2280K, capacity 2401K, committed 2432K, reserved 1048576K
GC Heap History (4 events):
Event: 2.640 GC heap before
{Heap before GC invocations=1 (full 0):
 PSYoungGen      total 16896K, used 14848K [0x00000000ed700000, 0x00000000ee980000, 0x0000000100000000)
  eden space 14848K, 100% used [0x00000000ed700000,0x00000000ee580000,0x00000000ee580000)
  from space 2048K, 0% used [0x00000000ee780000,0x00000000ee780000,0x00000000ee980000)
  to   space 2048K, 0% used [0x00000000ee580000,0x00000000ee580000,0x00000000ee780000)
 ParOldGen       total 38400K, used 0K [0x00000000c8400000, 0x00000000ca980000, 0x00000000ed700000)
  object space 38400K, 0% used [0x00000000c8400000,0x00000000c8400000,0x00000000ca980000)
 Metaspace       used 12243K, capacity 12476K, committed 12800K, reserved 1060864K
  class space    used 1383K, capacity 1448K, committed 1536K, reserved 1048576K
Event: 2.655 GC heap after
Heap after GC invocations=1 (full 0):
 PSYoungGen      total 16896K, used 2041K [0x00000000ed700000, 0x00000000ee980000, 0x0000000100000000)
  eden space 14848K, 0% used [0x00000000ed700000,0x00000000ed700000,0x00000000ee580000)
  from space 2048K, 99% used [0x00000000ee580000,0x00000000ee77e620,0x00000000ee780000)
  to   space 2048K, 0% used [0x00000000ee780000,0x00000000ee780000,0x00000000ee980000)
 ParOldGen       total 38400K, used 3038K [0x00000000c8400000, 0x00000000ca980000, 0x00000000ed700000)
  object space 38400K, 7% used [0x00000000c8400000,0x00000000c86f7810,0x00000000ca980000)
 Metaspace       used 12243K, capacity 12476K, committed 12800K, reserved 1060864K
  class space    used 1383K, capacity 1448K, committed 1536K, reserved 1048576K
}
Event: 5.959 GC heap before
{Heap before GC invocations=2 (full 0):
 PSYoungGen      total 16896K, used 16889K [0x00000000ed700000, 0x00000000ee980000, 0x0000000100000000)
  eden space 14848K, 100% used [0x00000000ed700000,0x00000000ee580000,0x00000000ee580000)
  from space 2048K, 99% used [0x00000000ee580000,0x00000000ee77e620,0x00000000ee780000)
  to   space 2048K, 0% used [0x00000000ee780000,0x00000000ee780000,0x00000000ee980000)
 ParOldGen       total 38400K, used 3038K [0x00000000c8400000, 0x00000000ca980000, 0x00000000ed700000)
  object space 38400K, 7% used [0x00000000c8400000,0x00000000c86f7810,0x00000000ca980000)
 Metaspace       used 17678K, capacity 17994K, committed 18176K, reserved 1064960K
  class space    used 2175K, capacity 2273K, committed 2304K, reserved 1048576K
Event: 5.976 GC heap after
Heap after GC invocations=2 (full 0):
 PSYoungGen      total 16896K, used 2026K [0x00000000ed700000, 0x00000000ee980000, 0x0000000100000000)
  eden space 14848K, 0% used [0x00000000ed700000,0x00000000ed700000,0x00000000ee580000)
  from space 2048K, 98% used [0x00000000ee780000,0x00000000ee97a870,0x00000000ee980000)
  to   space 2048K, 0% used [0x00000000ee580000,0x00000000ee580000,0x00000000ee780000)
 ParOldGen       total 38400K, used 6052K [0x00000000c8400000, 0x00000000ca980000, 0x00000000ed700000)
  object space 38400K, 15% used [0x00000000c8400000,0x00000000c89e9208,0x00000000ca980000)
 Metaspace       used 17678K, capacity 17994K, committed 18176K, reserved 1064960K
  class space    used 2175K, capacity 2273K, committed 2304K, reserved 1048576K
}

